Warning: /home/hadoop/sqoop/../hbase does not exist! HBase imports will fail.
Please set $HBASE_HOME to the root of your HBase installation.
Warning: /home/hadoop/sqoop/../hcatalog does not exist! HCatalog jobs will fail.
Please set $HCAT_HOME to the root of your HCatalog installation.
Warning: /home/hadoop/sqoop/../accumulo does not exist! Accumulo imports will fail.
Please set $ACCUMULO_HOME to the root of your Accumulo installation.
Warning: /home/hadoop/sqoop/../zookeeper does not exist! Accumulo imports will fail.
Please set $ZOOKEEPER_HOME to the root of your Zookeeper installation.
17/06/03 01:06:05 INFO sqoop.Sqoop: Running Sqoop version: 1.4.6
17/06/03 01:06:05 WARN tool.BaseSqoopTool: Setting your password on the command-line is insecure. Consider using -P instead.
17/06/03 01:06:06 INFO manager.MySQLManager: Preparing to use a MySQL streaming resultset.
17/06/03 01:06:06 INFO tool.CodeGenTool: Beginning code generation
17/06/03 01:06:06 INFO manager.SqlManager: Executing SQL statement: select * from ih_blood_pressure WHERE create_time >= '2017-06-02 00:00:00' and create_time < '2017-06-03 00:00:00' and  (1 = 0) 
17/06/03 01:06:06 INFO manager.SqlManager: Executing SQL statement: select * from ih_blood_pressure WHERE create_time >= '2017-06-02 00:00:00' and create_time < '2017-06-03 00:00:00' and  (1 = 0) 
17/06/03 01:06:06 INFO manager.SqlManager: Executing SQL statement: select * from ih_blood_pressure WHERE create_time >= '2017-06-02 00:00:00' and create_time < '2017-06-03 00:00:00' and  (1 = 0) 
17/06/03 01:06:06 INFO orm.CompilationManager: HADOOP_MAPRED_HOME is /home/packages/c-CN1C099S90HT0/hadoop-2.4.0-mdh2.1-SNAPSHOT
Note: /tmp/sqoop-hadoop/compile/c9021ca5af36922a40341c7de9101cfa/QueryResult.java uses or overrides a deprecated API.
Note: Recompile with -Xlint:deprecation for details.
17/06/03 01:06:09 INFO orm.CompilationManager: Writing jar file: /tmp/sqoop-hadoop/compile/c9021ca5af36922a40341c7de9101cfa/QueryResult.jar
17/06/03 01:06:10 INFO mapreduce.ImportJobBase: Beginning query import.
17/06/03 01:06:10 INFO Configuration.deprecation: mapred.jar is deprecated. Instead, use mapreduce.job.jar
17/06/03 01:06:12 INFO Configuration.deprecation: mapred.map.tasks is deprecated. Instead, use mapreduce.job.maps
17/06/03 01:06:14 INFO db.DBInputFormat: Using read commited transaction isolation
17/06/03 01:06:14 INFO db.DataDrivenDBInputFormat: BoundingValsQuery: SELECT MIN(t1.bpid), MAX(t1.bpid) FROM (select * from ih_blood_pressure WHERE create_time >= '2017-06-02 00:00:00' and create_time < '2017-06-03 00:00:00' and  (1 = 1) ) AS t1
17/06/03 01:06:19 INFO mapreduce.JobSubmitter: number of splits:4
17/06/03 01:06:19 INFO mapreduce.JobSubmitter: Submitting tokens for job: job_1494556856601_0136
17/06/03 01:06:19 INFO impl.YarnClientImpl: Submitted application application_1494556856601_0136
17/06/03 01:06:20 INFO mapreduce.Job: The url to track the job: http://10.9.0.10:42001/proxy/application_1494556856601_0136/
17/06/03 01:06:20 INFO mapreduce.Job: Running job: job_1494556856601_0136
17/06/03 01:06:27 INFO mapreduce.Job: Job job_1494556856601_0136 running in uber mode : false
17/06/03 01:06:27 INFO mapreduce.Job:  map 0% reduce 0%
17/06/03 01:06:36 INFO mapreduce.Job:  map 25% reduce 0%
17/06/03 01:06:38 INFO mapreduce.Job:  map 75% reduce 0%
17/06/03 01:06:43 INFO mapreduce.Job:  map 100% reduce 0%
17/06/03 01:06:43 INFO mapreduce.Job: Job job_1494556856601_0136 completed successfully
17/06/03 01:06:43 INFO mapreduce.Job: Counters: 30
	File System Counters
		FILE: Number of bytes read=0
		FILE: Number of bytes written=498192
		FILE: Number of read operations=0
		FILE: Number of large read operations=0
		FILE: Number of write operations=0
		HDFS: Number of bytes read=593
		HDFS: Number of bytes written=5442801
		HDFS: Number of read operations=16
		HDFS: Number of large read operations=0
		HDFS: Number of write operations=8
	Job Counters 
		Launched map tasks=4
		Other local map tasks=4
		Total time spent by all maps in occupied slots (ms)=27554
		Total time spent by all reduces in occupied slots (ms)=0
		Total time spent by all map tasks (ms)=27554
		Total vcore-seconds taken by all map tasks=27554
		Total megabyte-seconds taken by all map tasks=28215296
	Map-Reduce Framework
		Map input records=17342
		Map output records=17342
		Input split bytes=593
		Spilled Records=0
		Failed Shuffles=0
		Merged Map outputs=0
		GC time elapsed (ms)=597
		CPU time spent (ms)=17700
		Physical memory (bytes) snapshot=758505472
		Virtual memory (bytes) snapshot=10520051712
		Total committed heap usage (bytes)=765984768
	File Input Format Counters 
		Bytes Read=0
	File Output Format Counters 
		Bytes Written=5442801
17/06/03 01:06:43 INFO mapreduce.ImportJobBase: Transferred 5.1907 MB in 31.6183 seconds (168.1065 KB/sec)
17/06/03 01:06:43 INFO mapreduce.ImportJobBase: Retrieved 17342 records.
Warning: /home/hadoop/sqoop/../hbase does not exist! HBase imports will fail.
Please set $HBASE_HOME to the root of your HBase installation.
Warning: /home/hadoop/sqoop/../hcatalog does not exist! HCatalog jobs will fail.
Please set $HCAT_HOME to the root of your HCatalog installation.
Warning: /home/hadoop/sqoop/../accumulo does not exist! Accumulo imports will fail.
Please set $ACCUMULO_HOME to the root of your Accumulo installation.
Warning: /home/hadoop/sqoop/../zookeeper does not exist! Accumulo imports will fail.
Please set $ZOOKEEPER_HOME to the root of your Zookeeper installation.
17/06/03 01:06:48 INFO sqoop.Sqoop: Running Sqoop version: 1.4.6
17/06/03 01:06:48 WARN tool.BaseSqoopTool: Setting your password on the command-line is insecure. Consider using -P instead.
17/06/03 01:06:48 INFO manager.MySQLManager: Preparing to use a MySQL streaming resultset.
17/06/03 01:06:48 INFO tool.CodeGenTool: Beginning code generation
17/06/03 01:06:49 INFO manager.SqlManager: Executing SQL statement: select * from ih_blood_pressure_all WHERE create_time >= '2017-06-02 00:00:00' and create_time < '2017-06-03 00:00:00' and  (1 = 0) 
17/06/03 01:06:49 INFO manager.SqlManager: Executing SQL statement: select * from ih_blood_pressure_all WHERE create_time >= '2017-06-02 00:00:00' and create_time < '2017-06-03 00:00:00' and  (1 = 0) 
17/06/03 01:06:49 INFO manager.SqlManager: Executing SQL statement: select * from ih_blood_pressure_all WHERE create_time >= '2017-06-02 00:00:00' and create_time < '2017-06-03 00:00:00' and  (1 = 0) 
17/06/03 01:06:49 INFO orm.CompilationManager: HADOOP_MAPRED_HOME is /home/packages/c-CN1C099S90HT0/hadoop-2.4.0-mdh2.1-SNAPSHOT
Note: /tmp/sqoop-hadoop/compile/698ab5184e3d808de6502e9b6e45e2d9/QueryResult.java uses or overrides a deprecated API.
Note: Recompile with -Xlint:deprecation for details.
17/06/03 01:06:52 INFO orm.CompilationManager: Writing jar file: /tmp/sqoop-hadoop/compile/698ab5184e3d808de6502e9b6e45e2d9/QueryResult.jar
17/06/03 01:06:52 INFO mapreduce.ImportJobBase: Beginning query import.
17/06/03 01:06:53 INFO Configuration.deprecation: mapred.jar is deprecated. Instead, use mapreduce.job.jar
17/06/03 01:06:54 INFO Configuration.deprecation: mapred.map.tasks is deprecated. Instead, use mapreduce.job.maps
17/06/03 01:06:57 INFO db.DBInputFormat: Using read commited transaction isolation
17/06/03 01:06:57 INFO db.DataDrivenDBInputFormat: BoundingValsQuery: SELECT MIN(t1.bpid), MAX(t1.bpid) FROM (select * from ih_blood_pressure_all WHERE create_time >= '2017-06-02 00:00:00' and create_time < '2017-06-03 00:00:00' and  (1 = 1) ) AS t1
17/06/03 01:07:29 INFO mapreduce.JobSubmitter: number of splits:4
17/06/03 01:07:29 INFO mapreduce.JobSubmitter: Submitting tokens for job: job_1494556856601_0137
17/06/03 01:07:30 INFO impl.YarnClientImpl: Submitted application application_1494556856601_0137
17/06/03 01:07:30 INFO mapreduce.Job: The url to track the job: http://10.9.0.10:42001/proxy/application_1494556856601_0137/
17/06/03 01:07:30 INFO mapreduce.Job: Running job: job_1494556856601_0137
17/06/03 01:07:37 INFO mapreduce.Job: Job job_1494556856601_0137 running in uber mode : false
17/06/03 01:07:37 INFO mapreduce.Job:  map 0% reduce 0%
17/06/03 01:07:47 INFO mapreduce.Job:  map 50% reduce 0%
17/06/03 01:07:48 INFO mapreduce.Job:  map 75% reduce 0%
17/06/03 01:07:53 INFO mapreduce.Job:  map 100% reduce 0%
17/06/03 01:07:53 INFO mapreduce.Job: Job job_1494556856601_0137 completed successfully
17/06/03 01:07:54 INFO mapreduce.Job: Counters: 30
	File System Counters
		FILE: Number of bytes read=0
		FILE: Number of bytes written=498256
		FILE: Number of read operations=0
		FILE: Number of large read operations=0
		FILE: Number of write operations=0
		HDFS: Number of bytes read=625
		HDFS: Number of bytes written=3706469
		HDFS: Number of read operations=16
		HDFS: Number of large read operations=0
		HDFS: Number of write operations=8
	Job Counters 
		Launched map tasks=4
		Other local map tasks=4
		Total time spent by all maps in occupied slots (ms)=26411
		Total time spent by all reduces in occupied slots (ms)=0
		Total time spent by all map tasks (ms)=26411
		Total vcore-seconds taken by all map tasks=26411
		Total megabyte-seconds taken by all map tasks=27044864
	Map-Reduce Framework
		Map input records=19791
		Map output records=19791
		Input split bytes=625
		Spilled Records=0
		Failed Shuffles=0
		Merged Map outputs=0
		GC time elapsed (ms)=525
		CPU time spent (ms)=17100
		Physical memory (bytes) snapshot=740941824
		Virtual memory (bytes) snapshot=10520051712
		Total committed heap usage (bytes)=776470528
	File Input Format Counters 
		Bytes Read=0
	File Output Format Counters 
		Bytes Written=3706469
17/06/03 01:07:54 INFO mapreduce.ImportJobBase: Transferred 3.5348 MB in 59.1166 seconds (61.2281 KB/sec)
17/06/03 01:07:54 INFO mapreduce.ImportJobBase: Retrieved 19791 records.
start migrating data on 2017-06-03 01:07:54
Created directory: /mysql/2017/06/02
finished migrating data into directory: /mysql/2017/06/02 on 2017-06-03 01:08:13
start loading data on 2017-06-03 01:08:13
Starting Impala Shell without Kerberos authentication
Connected to 10.9.0.11:32400
Server version: impalad version 2.1.0-cdh5 RELEASE (build 2b59182d52628bafca61bf53c59d16844129546c)
Query: load data inpath "/sqoop/warehouse/ih_aijiakang.ih_blood_pressure" into table ih_aijiakang.ih_blood_pressure
+-----------------------------------------------------------+
| summary                                                   |
+-----------------------------------------------------------+
| Loaded 4 file(s). Total files in destination location: 28 |
+-----------------------------------------------------------+
Fetched 1 row(s) in 0.18s
17/06/03 01:08:17 INFO fs.TrashPolicyDefault: Namenode trash configuration: Deletion interval = 10080 minutes, Emptier interval = 1440 minutes.
Moved: 'hdfs://c-CN1C099S90HT0/sqoop/warehouse/ih_aijiakang.ih_blood_pressure' to trash at: hdfs://c-CN1C099S90HT0/user/hadoop/.Trash/Current
deleted load directory: /sqoop/warehouse/ih_aijiakang.ih_blood_pressure.
finished load data on 2017-06-03 01:08:18
start loading data on 2017-06-03 01:08:18
Starting Impala Shell without Kerberos authentication
Connected to 10.9.0.11:32400
Server version: impalad version 2.1.0-cdh5 RELEASE (build 2b59182d52628bafca61bf53c59d16844129546c)
Query: load data inpath "/sqoop/warehouse/ih_aijiakang.ih_blood_pressure_all" into table ih_aijiakang.ih_blood_pressure_all
+-----------------------------------------------------------+
| summary                                                   |
+-----------------------------------------------------------+
| Loaded 4 file(s). Total files in destination location: 28 |
+-----------------------------------------------------------+
Fetched 1 row(s) in 0.14s
17/06/03 01:08:21 INFO fs.TrashPolicyDefault: Namenode trash configuration: Deletion interval = 10080 minutes, Emptier interval = 1440 minutes.
Moved: 'hdfs://c-CN1C099S90HT0/sqoop/warehouse/ih_aijiakang.ih_blood_pressure_all' to trash at: hdfs://c-CN1C099S90HT0/user/hadoop/.Trash/Current
deleted load directory: /sqoop/warehouse/ih_aijiakang.ih_blood_pressure_all.
finished load data on 2017-06-03 01:08:21
start inserting data on 2017-06-03 01:08:21
Starting Impala Shell without Kerberos authentication
Connected to 10.9.0.11:32400
Server version: impalad version 2.1.0-cdh5 RELEASE (build 2b59182d52628bafca61bf53c59d16844129546c)
Query: insert into ih_aijiakang.ih_blood_pressure_ptt (bpid, dataid, userid, deviceid, position, data_type, high_bp, low_bp, heart_rate, who, Is_arhythima, hsd, inner_temp, out_temp, weather, take_pill, mood, create_time, measure_time, update_time, available, phoneid, version, longitude, latitude, appid) partition (year=2017, month=06, day=02, device_type=1) select bpid, dataid, userid, deviceid, position, data_type, high_bp, low_bp, heart_rate, who, Is_arhythima, hsd, inner_temp, out_temp, weather, take_pill, mood, create_time, measure_time, update_time, available, phoneid, version, longitude, latitude, appid from ih_aijiakang.ih_blood_pressure_all where device_type = 1 and create_time >= '2017-06-02 00:00:00' and create_time < '2017-06-03 00:00:00'
WARNINGS: Backend 0:Too many files do not have disk id (29/29): This will negatively affect performance.

Inserted 15340 row(s) in 3.45s
Starting Impala Shell without Kerberos authentication
Connected to 10.9.0.11:32400
Server version: impalad version 2.1.0-cdh5 RELEASE (build 2b59182d52628bafca61bf53c59d16844129546c)
Query: insert into ih_aijiakang.ih_blood_pressure_ptt (bpid, dataid, userid, deviceid, position, data_type, high_bp, low_bp, heart_rate, who, Is_arhythima, hsd, inner_temp, out_temp, weather, take_pill, mood, create_time, measure_time, update_time, available, phoneid, version, longitude, latitude, appid) partition (year=2017, month=06, day=02, device_type=2) select bpid, dataid, userid, deviceid, position, data_type, high_bp, low_bp, heart_rate, who, Is_arhythima, hsd, inner_temp, out_temp, weather, take_pill, mood, create_time, measure_time, update_time, available, phoneid, version, longitude, latitude, appid from ih_aijiakang.ih_blood_pressure_all where device_type = 2 and create_time >= '2017-06-02 00:00:00' and create_time < '2017-06-03 00:00:00'
WARNINGS: Backend 0:Too many files do not have disk id (29/29): This will negatively affect performance.

Inserted 4420 row(s) in 2.71s
Starting Impala Shell without Kerberos authentication
Connected to 10.9.0.11:32400
Server version: impalad version 2.1.0-cdh5 RELEASE (build 2b59182d52628bafca61bf53c59d16844129546c)
Query: insert into ih_aijiakang.ih_blood_pressure_ptt (bpid, dataid, userid, deviceid, position, data_type, high_bp, low_bp, heart_rate, who, Is_arhythima, hsd, inner_temp, out_temp, weather, take_pill, mood, create_time, measure_time, update_time, available, phoneid, version, longitude, latitude, appid) partition (year=2017, month=06, day=02, device_type=3) select bpid, dataid, userid, deviceid, position, data_type, high_bp, low_bp, heart_rate, who, Is_arhythima, hsd, inner_temp, out_temp, weather, take_pill, mood, create_time, measure_time, update_time, available, phoneid, version, longitude, latitude, appid from ih_aijiakang.ih_blood_pressure where create_time >= '2017-06-02 00:00:00' and create_time < '2017-06-03 00:00:00'
WARNINGS: Backend 0:Too many files do not have disk id (28/28): This will negatively affect performance.

Inserted 17342 row(s) in 2.71s
finished inserting data on 2017-06-03 01:08:31
Warning: /home/hadoop/sqoop/../hbase does not exist! HBase imports will fail.
Please set $HBASE_HOME to the root of your HBase installation.
Warning: /home/hadoop/sqoop/../hcatalog does not exist! HCatalog jobs will fail.
Please set $HCAT_HOME to the root of your HCatalog installation.
Warning: /home/hadoop/sqoop/../accumulo does not exist! Accumulo imports will fail.
Please set $ACCUMULO_HOME to the root of your Accumulo installation.
Warning: /home/hadoop/sqoop/../zookeeper does not exist! Accumulo imports will fail.
Please set $ZOOKEEPER_HOME to the root of your Zookeeper installation.
17/06/04 01:06:06 INFO sqoop.Sqoop: Running Sqoop version: 1.4.6
17/06/04 01:06:06 WARN tool.BaseSqoopTool: Setting your password on the command-line is insecure. Consider using -P instead.
17/06/04 01:06:06 INFO manager.MySQLManager: Preparing to use a MySQL streaming resultset.
17/06/04 01:06:06 INFO tool.CodeGenTool: Beginning code generation
17/06/04 01:06:07 INFO manager.SqlManager: Executing SQL statement: select * from ih_blood_pressure WHERE create_time >= '2017-06-03 00:00:00' and create_time < '2017-06-04 00:00:00' and  (1 = 0) 
17/06/04 01:06:07 INFO manager.SqlManager: Executing SQL statement: select * from ih_blood_pressure WHERE create_time >= '2017-06-03 00:00:00' and create_time < '2017-06-04 00:00:00' and  (1 = 0) 
17/06/04 01:06:07 INFO manager.SqlManager: Executing SQL statement: select * from ih_blood_pressure WHERE create_time >= '2017-06-03 00:00:00' and create_time < '2017-06-04 00:00:00' and  (1 = 0) 
17/06/04 01:06:07 INFO orm.CompilationManager: HADOOP_MAPRED_HOME is /home/packages/c-CN1C099S90HT0/hadoop-2.4.0-mdh2.1-SNAPSHOT
Note: /tmp/sqoop-hadoop/compile/b137de40a4babc7105291c563514273b/QueryResult.java uses or overrides a deprecated API.
Note: Recompile with -Xlint:deprecation for details.
17/06/04 01:06:10 INFO orm.CompilationManager: Writing jar file: /tmp/sqoop-hadoop/compile/b137de40a4babc7105291c563514273b/QueryResult.jar
17/06/04 01:06:10 INFO mapreduce.ImportJobBase: Beginning query import.
17/06/04 01:06:11 INFO Configuration.deprecation: mapred.jar is deprecated. Instead, use mapreduce.job.jar
17/06/04 01:06:12 INFO Configuration.deprecation: mapred.map.tasks is deprecated. Instead, use mapreduce.job.maps
17/06/04 01:06:15 INFO db.DBInputFormat: Using read commited transaction isolation
17/06/04 01:06:15 INFO db.DataDrivenDBInputFormat: BoundingValsQuery: SELECT MIN(t1.bpid), MAX(t1.bpid) FROM (select * from ih_blood_pressure WHERE create_time >= '2017-06-03 00:00:00' and create_time < '2017-06-04 00:00:00' and  (1 = 1) ) AS t1
17/06/04 01:06:19 INFO mapreduce.JobSubmitter: number of splits:4
17/06/04 01:06:20 INFO mapreduce.JobSubmitter: Submitting tokens for job: job_1494556856601_0138
17/06/04 01:06:20 INFO impl.YarnClientImpl: Submitted application application_1494556856601_0138
17/06/04 01:06:20 INFO mapreduce.Job: The url to track the job: http://10.9.0.10:42001/proxy/application_1494556856601_0138/
17/06/04 01:06:20 INFO mapreduce.Job: Running job: job_1494556856601_0138
17/06/04 01:06:30 INFO mapreduce.Job: Job job_1494556856601_0138 running in uber mode : false
17/06/04 01:06:30 INFO mapreduce.Job:  map 0% reduce 0%
17/06/04 01:06:45 INFO mapreduce.Job:  map 25% reduce 0%
17/06/04 01:06:46 INFO mapreduce.Job:  map 75% reduce 0%
17/06/04 01:06:53 INFO mapreduce.Job:  map 100% reduce 0%
17/06/04 01:06:53 INFO mapreduce.Job: Job job_1494556856601_0138 completed successfully
17/06/04 01:06:53 INFO mapreduce.Job: Counters: 30
	File System Counters
		FILE: Number of bytes read=0
		FILE: Number of bytes written=498192
		FILE: Number of read operations=0
		FILE: Number of large read operations=0
		FILE: Number of write operations=0
		HDFS: Number of bytes read=593
		HDFS: Number of bytes written=6362076
		HDFS: Number of read operations=16
		HDFS: Number of large read operations=0
		HDFS: Number of write operations=8
	Job Counters 
		Launched map tasks=4
		Other local map tasks=4
		Total time spent by all maps in occupied slots (ms)=42229
		Total time spent by all reduces in occupied slots (ms)=0
		Total time spent by all map tasks (ms)=42229
		Total vcore-seconds taken by all map tasks=42229
		Total megabyte-seconds taken by all map tasks=43242496
	Map-Reduce Framework
		Map input records=20530
		Map output records=20530
		Input split bytes=593
		Spilled Records=0
		Failed Shuffles=0
		Merged Map outputs=0
		GC time elapsed (ms)=861
		CPU time spent (ms)=27880
		Physical memory (bytes) snapshot=751935488
		Virtual memory (bytes) snapshot=10520051712
		Total committed heap usage (bytes)=787480576
	File Input Format Counters 
		Bytes Read=0
	File Output Format Counters 
		Bytes Written=6362076
17/06/04 01:06:53 INFO mapreduce.ImportJobBase: Transferred 6.0673 MB in 40.7433 seconds (152.4903 KB/sec)
17/06/04 01:06:53 INFO mapreduce.ImportJobBase: Retrieved 20530 records.
Warning: /home/hadoop/sqoop/../hbase does not exist! HBase imports will fail.
Please set $HBASE_HOME to the root of your HBase installation.
Warning: /home/hadoop/sqoop/../hcatalog does not exist! HCatalog jobs will fail.
Please set $HCAT_HOME to the root of your HCatalog installation.
Warning: /home/hadoop/sqoop/../accumulo does not exist! Accumulo imports will fail.
Please set $ACCUMULO_HOME to the root of your Accumulo installation.
Warning: /home/hadoop/sqoop/../zookeeper does not exist! Accumulo imports will fail.
Please set $ZOOKEEPER_HOME to the root of your Zookeeper installation.
17/06/04 01:06:58 INFO sqoop.Sqoop: Running Sqoop version: 1.4.6
17/06/04 01:06:58 WARN tool.BaseSqoopTool: Setting your password on the command-line is insecure. Consider using -P instead.
17/06/04 01:06:58 INFO manager.MySQLManager: Preparing to use a MySQL streaming resultset.
17/06/04 01:06:58 INFO tool.CodeGenTool: Beginning code generation
17/06/04 01:06:59 INFO manager.SqlManager: Executing SQL statement: select * from ih_blood_pressure_all WHERE create_time >= '2017-06-03 00:00:00' and create_time < '2017-06-04 00:00:00' and  (1 = 0) 
17/06/04 01:06:59 INFO manager.SqlManager: Executing SQL statement: select * from ih_blood_pressure_all WHERE create_time >= '2017-06-03 00:00:00' and create_time < '2017-06-04 00:00:00' and  (1 = 0) 
17/06/04 01:06:59 INFO manager.SqlManager: Executing SQL statement: select * from ih_blood_pressure_all WHERE create_time >= '2017-06-03 00:00:00' and create_time < '2017-06-04 00:00:00' and  (1 = 0) 
17/06/04 01:06:59 INFO orm.CompilationManager: HADOOP_MAPRED_HOME is /home/packages/c-CN1C099S90HT0/hadoop-2.4.0-mdh2.1-SNAPSHOT
Note: /tmp/sqoop-hadoop/compile/67f8dbfe2a439c2251af0be4c65286f2/QueryResult.java uses or overrides a deprecated API.
Note: Recompile with -Xlint:deprecation for details.
17/06/04 01:07:02 INFO orm.CompilationManager: Writing jar file: /tmp/sqoop-hadoop/compile/67f8dbfe2a439c2251af0be4c65286f2/QueryResult.jar
17/06/04 01:07:02 INFO mapreduce.ImportJobBase: Beginning query import.
17/06/04 01:07:03 INFO Configuration.deprecation: mapred.jar is deprecated. Instead, use mapreduce.job.jar
17/06/04 01:07:04 INFO Configuration.deprecation: mapred.map.tasks is deprecated. Instead, use mapreduce.job.maps
17/06/04 01:07:08 INFO db.DBInputFormat: Using read commited transaction isolation
17/06/04 01:07:08 INFO db.DataDrivenDBInputFormat: BoundingValsQuery: SELECT MIN(t1.bpid), MAX(t1.bpid) FROM (select * from ih_blood_pressure_all WHERE create_time >= '2017-06-03 00:00:00' and create_time < '2017-06-04 00:00:00' and  (1 = 1) ) AS t1
17/06/04 01:07:37 INFO mapreduce.JobSubmitter: number of splits:4
17/06/04 01:07:37 INFO mapreduce.JobSubmitter: Submitting tokens for job: job_1494556856601_0139
17/06/04 01:07:37 INFO impl.YarnClientImpl: Submitted application application_1494556856601_0139
17/06/04 01:07:37 INFO mapreduce.Job: The url to track the job: http://10.9.0.10:42001/proxy/application_1494556856601_0139/
17/06/04 01:07:37 INFO mapreduce.Job: Running job: job_1494556856601_0139
17/06/04 01:07:46 INFO mapreduce.Job: Job job_1494556856601_0139 running in uber mode : false
17/06/04 01:07:46 INFO mapreduce.Job:  map 0% reduce 0%
17/06/04 01:07:53 INFO mapreduce.Job:  map 25% reduce 0%
17/06/04 01:07:55 INFO mapreduce.Job:  map 50% reduce 0%
17/06/04 01:07:56 INFO mapreduce.Job:  map 75% reduce 0%
17/06/04 01:08:00 INFO mapreduce.Job:  map 100% reduce 0%
17/06/04 01:08:00 INFO mapreduce.Job: Job job_1494556856601_0139 completed successfully
17/06/04 01:08:00 INFO mapreduce.Job: Counters: 30
	File System Counters
		FILE: Number of bytes read=0
		FILE: Number of bytes written=498256
		FILE: Number of read operations=0
		FILE: Number of large read operations=0
		FILE: Number of write operations=0
		HDFS: Number of bytes read=625
		HDFS: Number of bytes written=4015445
		HDFS: Number of read operations=16
		HDFS: Number of large read operations=0
		HDFS: Number of write operations=8
	Job Counters 
		Launched map tasks=4
		Other local map tasks=4
		Total time spent by all maps in occupied slots (ms)=24926
		Total time spent by all reduces in occupied slots (ms)=0
		Total time spent by all map tasks (ms)=24926
		Total vcore-seconds taken by all map tasks=24926
		Total megabyte-seconds taken by all map tasks=25524224
	Map-Reduce Framework
		Map input records=21429
		Map output records=21429
		Input split bytes=625
		Spilled Records=0
		Failed Shuffles=0
		Merged Map outputs=0
		GC time elapsed (ms)=422
		CPU time spent (ms)=14590
		Physical memory (bytes) snapshot=737189888
		Virtual memory (bytes) snapshot=10451890176
		Total committed heap usage (bytes)=791150592
	File Input Format Counters 
		Bytes Read=0
	File Output Format Counters 
		Bytes Written=4015445
17/06/04 01:08:00 INFO mapreduce.ImportJobBase: Transferred 3.8294 MB in 56.1939 seconds (69.7822 KB/sec)
17/06/04 01:08:00 INFO mapreduce.ImportJobBase: Retrieved 21429 records.
start migrating data on 2017-06-04 01:08:01
Created directory: /mysql/2017/06/03
finished migrating data into directory: /mysql/2017/06/03 on 2017-06-04 01:08:20
start loading data on 2017-06-04 01:08:20
Starting Impala Shell without Kerberos authentication
Connected to 10.9.0.11:32400
Server version: impalad version 2.1.0-cdh5 RELEASE (build 2b59182d52628bafca61bf53c59d16844129546c)
Query: load data inpath "/sqoop/warehouse/ih_aijiakang.ih_blood_pressure" into table ih_aijiakang.ih_blood_pressure
+-----------------------------------------------------------+
| summary                                                   |
+-----------------------------------------------------------+
| Loaded 4 file(s). Total files in destination location: 32 |
+-----------------------------------------------------------+
Fetched 1 row(s) in 0.19s
17/06/04 01:08:24 INFO fs.TrashPolicyDefault: Namenode trash configuration: Deletion interval = 10080 minutes, Emptier interval = 1440 minutes.
Moved: 'hdfs://c-CN1C099S90HT0/sqoop/warehouse/ih_aijiakang.ih_blood_pressure' to trash at: hdfs://c-CN1C099S90HT0/user/hadoop/.Trash/Current
deleted load directory: /sqoop/warehouse/ih_aijiakang.ih_blood_pressure.
finished load data on 2017-06-04 01:08:24
start loading data on 2017-06-04 01:08:24
Starting Impala Shell without Kerberos authentication
Connected to 10.9.0.11:32400
Server version: impalad version 2.1.0-cdh5 RELEASE (build 2b59182d52628bafca61bf53c59d16844129546c)
Query: load data inpath "/sqoop/warehouse/ih_aijiakang.ih_blood_pressure_all" into table ih_aijiakang.ih_blood_pressure_all
+-----------------------------------------------------------+
| summary                                                   |
+-----------------------------------------------------------+
| Loaded 4 file(s). Total files in destination location: 32 |
+-----------------------------------------------------------+
Fetched 1 row(s) in 0.15s
17/06/04 01:08:28 INFO fs.TrashPolicyDefault: Namenode trash configuration: Deletion interval = 10080 minutes, Emptier interval = 1440 minutes.
Moved: 'hdfs://c-CN1C099S90HT0/sqoop/warehouse/ih_aijiakang.ih_blood_pressure_all' to trash at: hdfs://c-CN1C099S90HT0/user/hadoop/.Trash/Current
deleted load directory: /sqoop/warehouse/ih_aijiakang.ih_blood_pressure_all.
finished load data on 2017-06-04 01:08:28
start inserting data on 2017-06-04 01:08:28
Starting Impala Shell without Kerberos authentication
Connected to 10.9.0.11:32400
Server version: impalad version 2.1.0-cdh5 RELEASE (build 2b59182d52628bafca61bf53c59d16844129546c)
Query: insert into ih_aijiakang.ih_blood_pressure_ptt (bpid, dataid, userid, deviceid, position, data_type, high_bp, low_bp, heart_rate, who, Is_arhythima, hsd, inner_temp, out_temp, weather, take_pill, mood, create_time, measure_time, update_time, available, phoneid, version, longitude, latitude, appid) partition (year=2017, month=06, day=03, device_type=1) select bpid, dataid, userid, deviceid, position, data_type, high_bp, low_bp, heart_rate, who, Is_arhythima, hsd, inner_temp, out_temp, weather, take_pill, mood, create_time, measure_time, update_time, available, phoneid, version, longitude, latitude, appid from ih_aijiakang.ih_blood_pressure_all where device_type = 1 and create_time >= '2017-06-03 00:00:00' and create_time < '2017-06-04 00:00:00'
WARNINGS: Backend 0:Too many files do not have disk id (33/33): This will negatively affect performance.

Inserted 16405 row(s) in 3.67s
Starting Impala Shell without Kerberos authentication
Connected to 10.9.0.11:32400
Server version: impalad version 2.1.0-cdh5 RELEASE (build 2b59182d52628bafca61bf53c59d16844129546c)
Query: insert into ih_aijiakang.ih_blood_pressure_ptt (bpid, dataid, userid, deviceid, position, data_type, high_bp, low_bp, heart_rate, who, Is_arhythima, hsd, inner_temp, out_temp, weather, take_pill, mood, create_time, measure_time, update_time, available, phoneid, version, longitude, latitude, appid) partition (year=2017, month=06, day=03, device_type=2) select bpid, dataid, userid, deviceid, position, data_type, high_bp, low_bp, heart_rate, who, Is_arhythima, hsd, inner_temp, out_temp, weather, take_pill, mood, create_time, measure_time, update_time, available, phoneid, version, longitude, latitude, appid from ih_aijiakang.ih_blood_pressure_all where device_type = 2 and create_time >= '2017-06-03 00:00:00' and create_time < '2017-06-04 00:00:00'
WARNINGS: Backend 0:Too many files do not have disk id (33/33): This will negatively affect performance.

Inserted 4990 row(s) in 3.04s
Starting Impala Shell without Kerberos authentication
Connected to 10.9.0.11:32400
Server version: impalad version 2.1.0-cdh5 RELEASE (build 2b59182d52628bafca61bf53c59d16844129546c)
Query: insert into ih_aijiakang.ih_blood_pressure_ptt (bpid, dataid, userid, deviceid, position, data_type, high_bp, low_bp, heart_rate, who, Is_arhythima, hsd, inner_temp, out_temp, weather, take_pill, mood, create_time, measure_time, update_time, available, phoneid, version, longitude, latitude, appid) partition (year=2017, month=06, day=03, device_type=3) select bpid, dataid, userid, deviceid, position, data_type, high_bp, low_bp, heart_rate, who, Is_arhythima, hsd, inner_temp, out_temp, weather, take_pill, mood, create_time, measure_time, update_time, available, phoneid, version, longitude, latitude, appid from ih_aijiakang.ih_blood_pressure where create_time >= '2017-06-03 00:00:00' and create_time < '2017-06-04 00:00:00'
WARNINGS: Backend 0:Too many files do not have disk id (32/32): This will negatively affect performance.

Inserted 20530 row(s) in 2.93s
finished inserting data on 2017-06-04 01:08:38
