Warning: /home/hadoop/sqoop/../hbase does not exist! HBase imports will fail.
Please set $HBASE_HOME to the root of your HBase installation.
Warning: /home/hadoop/sqoop/../hcatalog does not exist! HCatalog jobs will fail.
Please set $HCAT_HOME to the root of your HCatalog installation.
Warning: /home/hadoop/sqoop/../accumulo does not exist! Accumulo imports will fail.
Please set $ACCUMULO_HOME to the root of your Accumulo installation.
Warning: /home/hadoop/sqoop/../zookeeper does not exist! Accumulo imports will fail.
Please set $ZOOKEEPER_HOME to the root of your Zookeeper installation.
17/05/24 02:01:06 INFO sqoop.Sqoop: Running Sqoop version: 1.4.6
17/05/24 02:01:06 WARN tool.BaseSqoopTool: Setting your password on the command-line is insecure. Consider using -P instead.
17/05/24 02:01:06 INFO manager.MySQLManager: Preparing to use a MySQL streaming resultset.
17/05/24 02:01:06 INFO tool.CodeGenTool: Beginning code generation
17/05/24 02:01:07 INFO manager.SqlManager: Executing SQL statement: select * from ih_blood_pressure_all WHERE  (1 = 0) 
17/05/24 02:01:07 INFO manager.SqlManager: Executing SQL statement: select * from ih_blood_pressure_all WHERE  (1 = 0) 
17/05/24 02:01:07 INFO manager.SqlManager: Executing SQL statement: select * from ih_blood_pressure_all WHERE  (1 = 0) 
17/05/24 02:01:07 INFO orm.CompilationManager: HADOOP_MAPRED_HOME is /home/packages/c-CN1C099S90HT0/hadoop-2.4.0-mdh2.1-SNAPSHOT
Note: /tmp/sqoop-hadoop/compile/8a424a5eea0ece568824362f0f3c4eb7/QueryResult.java uses or overrides a deprecated API.
Note: Recompile with -Xlint:deprecation for details.
17/05/24 02:01:10 INFO orm.CompilationManager: Writing jar file: /tmp/sqoop-hadoop/compile/8a424a5eea0ece568824362f0f3c4eb7/QueryResult.jar
17/05/24 02:01:10 INFO mapreduce.ImportJobBase: Beginning query import.
17/05/24 02:01:11 INFO Configuration.deprecation: mapred.jar is deprecated. Instead, use mapreduce.job.jar
17/05/24 02:01:12 INFO Configuration.deprecation: mapred.map.tasks is deprecated. Instead, use mapreduce.job.maps
17/05/24 02:01:15 INFO db.DBInputFormat: Using read commited transaction isolation
17/05/24 02:01:15 INFO mapreduce.JobSubmitter: number of splits:1
17/05/24 02:01:15 INFO mapreduce.JobSubmitter: Submitting tokens for job: job_1494556856601_0078
17/05/24 02:01:16 INFO impl.YarnClientImpl: Submitted application application_1494556856601_0078
17/05/24 02:01:16 INFO mapreduce.Job: The url to track the job: http://10.9.0.10:42001/proxy/application_1494556856601_0078/
17/05/24 02:01:16 INFO mapreduce.Job: Running job: job_1494556856601_0078
17/05/24 02:01:23 INFO mapreduce.Job: Job job_1494556856601_0078 running in uber mode : false
17/05/24 02:01:23 INFO mapreduce.Job:  map 0% reduce 0%
17/05/24 02:01:30 INFO mapreduce.Job:  map 100% reduce 0%
17/05/24 02:01:30 INFO mapreduce.Job: Job job_1494556856601_0078 completed successfully
17/05/24 02:01:30 INFO mapreduce.Job: Counters: 30
	File System Counters
		FILE: Number of bytes read=0
		FILE: Number of bytes written=123983
		FILE: Number of read operations=0
		FILE: Number of large read operations=0
		FILE: Number of write operations=0
		HDFS: Number of bytes read=87
		HDFS: Number of bytes written=508854
		HDFS: Number of read operations=4
		HDFS: Number of large read operations=0
		HDFS: Number of write operations=2
	Job Counters 
		Launched map tasks=1
		Other local map tasks=1
		Total time spent by all maps in occupied slots (ms)=4818
		Total time spent by all reduces in occupied slots (ms)=0
		Total time spent by all map tasks (ms)=4818
		Total vcore-seconds taken by all map tasks=4818
		Total megabyte-seconds taken by all map tasks=4933632
	Map-Reduce Framework
		Map input records=2857
		Map output records=2857
		Input split bytes=87
		Spilled Records=0
		Failed Shuffles=0
		Merged Map outputs=0
		GC time elapsed (ms)=75
		CPU time spent (ms)=3400
		Physical memory (bytes) snapshot=179613696
		Virtual memory (bytes) snapshot=2630012928
		Total committed heap usage (bytes)=191365120
	File Input Format Counters 
		Bytes Read=0
	File Output Format Counters 
		Bytes Written=508854
17/05/24 02:01:30 INFO mapreduce.ImportJobBase: Transferred 496.9277 KB in 17.9465 seconds (27.6894 KB/sec)
17/05/24 02:01:30 INFO mapreduce.ImportJobBase: Retrieved 2857 records.
