Warning: /home/hadoop/sqoop/../hbase does not exist! HBase imports will fail.
Please set $HBASE_HOME to the root of your HBase installation.
Warning: /home/hadoop/sqoop/../hcatalog does not exist! HCatalog jobs will fail.
Please set $HCAT_HOME to the root of your HCatalog installation.
Warning: /home/hadoop/sqoop/../accumulo does not exist! Accumulo imports will fail.
Please set $ACCUMULO_HOME to the root of your Accumulo installation.
Warning: /home/hadoop/sqoop/../zookeeper does not exist! Accumulo imports will fail.
Please set $ZOOKEEPER_HOME to the root of your Zookeeper installation.
17/05/24 01:01:05 INFO sqoop.Sqoop: Running Sqoop version: 1.4.6
17/05/24 01:01:05 WARN tool.BaseSqoopTool: Setting your password on the command-line is insecure. Consider using -P instead.
17/05/24 01:01:06 INFO manager.MySQLManager: Preparing to use a MySQL streaming resultset.
17/05/24 01:01:06 INFO tool.CodeGenTool: Beginning code generation
17/05/24 01:01:06 INFO manager.SqlManager: Executing SQL statement: select * from ih_blood_pressure WHERE  (1 = 0) 
17/05/24 01:01:06 INFO manager.SqlManager: Executing SQL statement: select * from ih_blood_pressure WHERE  (1 = 0) 
17/05/24 01:01:06 INFO manager.SqlManager: Executing SQL statement: select * from ih_blood_pressure WHERE  (1 = 0) 
17/05/24 01:01:06 INFO orm.CompilationManager: HADOOP_MAPRED_HOME is /home/packages/c-CN1C099S90HT0/hadoop-2.4.0-mdh2.1-SNAPSHOT
Note: /tmp/sqoop-hadoop/compile/1d661a13c008fea2d72a4d0066102b35/QueryResult.java uses or overrides a deprecated API.
Note: Recompile with -Xlint:deprecation for details.
17/05/24 01:01:10 INFO orm.CompilationManager: Writing jar file: /tmp/sqoop-hadoop/compile/1d661a13c008fea2d72a4d0066102b35/QueryResult.jar
17/05/24 01:01:10 INFO mapreduce.ImportJobBase: Beginning query import.
17/05/24 01:01:10 INFO Configuration.deprecation: mapred.jar is deprecated. Instead, use mapreduce.job.jar
17/05/24 01:01:12 INFO Configuration.deprecation: mapred.map.tasks is deprecated. Instead, use mapreduce.job.maps
17/05/24 01:01:15 INFO db.DBInputFormat: Using read commited transaction isolation
17/05/24 01:01:15 INFO mapreduce.JobSubmitter: number of splits:1
17/05/24 01:01:15 INFO mapreduce.JobSubmitter: Submitting tokens for job: job_1494556856601_0077
17/05/24 01:01:15 INFO impl.YarnClientImpl: Submitted application application_1494556856601_0077
17/05/24 01:01:15 INFO mapreduce.Job: The url to track the job: http://10.9.0.10:42001/proxy/application_1494556856601_0077/
17/05/24 01:01:15 INFO mapreduce.Job: Running job: job_1494556856601_0077
17/05/24 01:01:23 INFO mapreduce.Job: Job job_1494556856601_0077 running in uber mode : false
17/05/24 01:01:23 INFO mapreduce.Job:  map 0% reduce 0%
17/05/24 01:01:30 INFO mapreduce.Job:  map 100% reduce 0%
17/05/24 01:01:30 INFO mapreduce.Job: Job job_1494556856601_0077 completed successfully
17/05/24 01:01:30 INFO mapreduce.Job: Counters: 30
	File System Counters
		FILE: Number of bytes read=0
		FILE: Number of bytes written=123975
		FILE: Number of read operations=0
		FILE: Number of large read operations=0
		FILE: Number of write operations=0
		HDFS: Number of bytes read=87
		HDFS: Number of bytes written=223337
		HDFS: Number of read operations=4
		HDFS: Number of large read operations=0
		HDFS: Number of write operations=2
	Job Counters 
		Launched map tasks=1
		Other local map tasks=1
		Total time spent by all maps in occupied slots (ms)=4392
		Total time spent by all reduces in occupied slots (ms)=0
		Total time spent by all map tasks (ms)=4392
		Total vcore-seconds taken by all map tasks=4392
		Total megabyte-seconds taken by all map tasks=4497408
	Map-Reduce Framework
		Map input records=884
		Map output records=884
		Input split bytes=87
		Spilled Records=0
		Failed Shuffles=0
		Merged Map outputs=0
		GC time elapsed (ms)=31
		CPU time spent (ms)=2300
		Physical memory (bytes) snapshot=183234560
		Virtual memory (bytes) snapshot=2630012928
		Total committed heap usage (bytes)=201326592
	File Input Format Counters 
		Bytes Read=0
	File Output Format Counters 
		Bytes Written=223337
17/05/24 01:01:30 INFO mapreduce.ImportJobBase: Transferred 218.1025 KB in 18.4743 seconds (11.8057 KB/sec)
17/05/24 01:01:30 INFO mapreduce.ImportJobBase: Retrieved 884 records.
